2018-11-05 17:10:16  INFO - Starting Application on LAPTOP-4NKCBKCL with PID 16836 (D:\07-myTutorial\00-github\blog\springbootdemo6\target\classes started by 28956 in D:\07-myTutorial\00-github\blog\springbootdemo6) (org.springframework.boot.StartupInfoLogger.logStarting:50) [main:2888]
2018-11-05 17:10:16 DEBUG - Running with Spring Boot v2.0.4.RELEASE, Spring v5.0.8.RELEASE (org.springframework.boot.StartupInfoLogger.logStarting:53) [main:2898]
2018-11-05 17:10:16  INFO - The following profiles are active: dev (org.springframework.boot.SpringApplication.logStartupProfileInfo:666) [main:2899]
2018-11-05 17:10:23  INFO - Context refreshed (springfox.documentation.spring.web.plugins.DocumentationPluginsBootstrapper.onApplicationEvent:84) [main:9835]
2018-11-05 17:10:23  INFO - Found 1 custom documentation plugin(s) (springfox.documentation.spring.web.plugins.DocumentationPluginsBootstrapper.onApplicationEvent:87) [main:9883]
2018-11-05 17:10:23  INFO - Scanning for api listing references (springfox.documentation.spring.web.scanners.ApiListingReferenceScanner.scan:44) [main:9900]
2018-11-05 17:10:23 DEBUG - Adding return parameter of type Ljava/lang/String; (springfox.documentation.spring.web.readers.operation.OperationModelsProvider.collectFromReturnType:77) [main:9943]
2018-11-05 17:10:23 DEBUG - Reading parameters models for handlerMethod |isSwitch| (springfox.documentation.spring.web.readers.operation.OperationModelsProvider.collectParameters:85) [main:9945]
2018-11-05 17:10:23 DEBUG - Finished reading parameters models for handlerMethod |isSwitch| (springfox.documentation.spring.web.readers.operation.OperationModelsProvider.collectParameters:99) [main:9946]
2018-11-05 17:10:23 DEBUG - Reading parameters models for handlerMethod |isSwitch| (springfox.documentation.swagger.readers.operation.SwaggerOperationModelsProvider.collectApiResponses:88) [main:9950]
2018-11-05 17:10:23 DEBUG - Skipping model of type Ljava/lang/String; as its either a container type, map, enum or base type, or its already been handled (springfox.documentation.schema.DefaultModelProvider.modelFor:80) [main:9972]
2018-11-05 17:10:23 DEBUG - Did not find any parameter models for java.lang.String (springfox.documentation.spring.web.scanners.ApiModelReader.read:74) [main:9974]
2018-11-05 17:10:23 DEBUG - Marking base type Ljava/lang/String; as seen (springfox.documentation.schema.DefaultModelDependencyProvider.resolvedDependencies:99) [main:9975]
2018-11-05 17:10:23 DEBUG - Setting spring response class to:string (springfox.documentation.spring.web.readers.operation.OperationResponseClassReader.apply:61) [main:9989]
2018-11-05 17:10:23 DEBUG - Authorization count 0 for method isSwitch (springfox.documentation.swagger.readers.operation.OperationAuthReader.apply:101) [main:9994]
2018-11-05 17:10:23 DEBUG - Setting response class to:string (springfox.documentation.swagger.readers.operation.SwaggerOperationResponseClassReader.apply:74) [main:9996]
2018-11-05 17:10:23 DEBUG - Setting spring response class to:string (springfox.documentation.spring.web.readers.operation.OperationResponseClassReader.apply:61) [main:10003]
2018-11-05 17:10:23 DEBUG - Authorization count 0 for method isSwitch (springfox.documentation.swagger.readers.operation.OperationAuthReader.apply:101) [main:10006]
2018-11-05 17:10:23 DEBUG - Setting response class to:string (springfox.documentation.swagger.readers.operation.SwaggerOperationResponseClassReader.apply:74) [main:10007]
2018-11-05 17:10:23 DEBUG - Setting spring response class to:string (springfox.documentation.spring.web.readers.operation.OperationResponseClassReader.apply:61) [main:10009]
2018-11-05 17:10:23 DEBUG - Authorization count 0 for method isSwitch (springfox.documentation.swagger.readers.operation.OperationAuthReader.apply:101) [main:10011]
2018-11-05 17:10:23 DEBUG - Setting response class to:string (springfox.documentation.swagger.readers.operation.SwaggerOperationResponseClassReader.apply:74) [main:10013]
2018-11-05 17:10:23 DEBUG - Setting spring response class to:string (springfox.documentation.spring.web.readers.operation.OperationResponseClassReader.apply:61) [main:10017]
2018-11-05 17:10:23 DEBUG - Authorization count 0 for method isSwitch (springfox.documentation.swagger.readers.operation.OperationAuthReader.apply:101) [main:10018]
2018-11-05 17:10:23 DEBUG - Setting response class to:string (springfox.documentation.swagger.readers.operation.SwaggerOperationResponseClassReader.apply:74) [main:10019]
2018-11-05 17:10:23 DEBUG - Setting spring response class to:string (springfox.documentation.spring.web.readers.operation.OperationResponseClassReader.apply:61) [main:10021]
2018-11-05 17:10:23 DEBUG - Authorization count 0 for method isSwitch (springfox.documentation.swagger.readers.operation.OperationAuthReader.apply:101) [main:10024]
2018-11-05 17:10:23 DEBUG - Setting response class to:string (springfox.documentation.swagger.readers.operation.SwaggerOperationResponseClassReader.apply:74) [main:10024]
2018-11-05 17:10:23 DEBUG - Setting spring response class to:string (springfox.documentation.spring.web.readers.operation.OperationResponseClassReader.apply:61) [main:10025]
2018-11-05 17:10:23 DEBUG - Authorization count 0 for method isSwitch (springfox.documentation.swagger.readers.operation.OperationAuthReader.apply:101) [main:10026]
2018-11-05 17:10:23 DEBUG - Setting response class to:string (springfox.documentation.swagger.readers.operation.SwaggerOperationResponseClassReader.apply:74) [main:10030]
2018-11-05 17:10:23 DEBUG - Setting spring response class to:string (springfox.documentation.spring.web.readers.operation.OperationResponseClassReader.apply:61) [main:10034]
2018-11-05 17:10:23 DEBUG - Authorization count 0 for method isSwitch (springfox.documentation.swagger.readers.operation.OperationAuthReader.apply:101) [main:10035]
2018-11-05 17:10:23 DEBUG - Setting response class to:string (springfox.documentation.swagger.readers.operation.SwaggerOperationResponseClassReader.apply:74) [main:10036]
2018-11-05 17:10:23 DEBUG - Setting spring response class to:string (springfox.documentation.spring.web.readers.operation.OperationResponseClassReader.apply:61) [main:10037]
2018-11-05 17:10:23 DEBUG - Authorization count 0 for method isSwitch (springfox.documentation.swagger.readers.operation.OperationAuthReader.apply:101) [main:10038]
2018-11-05 17:10:23 DEBUG - Setting response class to:string (springfox.documentation.swagger.readers.operation.SwaggerOperationResponseClassReader.apply:74) [main:10039]
2018-11-05 17:10:23 DEBUG - Adding return parameter of type Ljava/lang/String; (springfox.documentation.spring.web.readers.operation.OperationModelsProvider.collectFromReturnType:77) [main:10097]
2018-11-05 17:10:23 DEBUG - Reading parameters models for handlerMethod |isSwitch| (springfox.documentation.spring.web.readers.operation.OperationModelsProvider.collectParameters:85) [main:10097]
2018-11-05 17:10:23 DEBUG - Finished reading parameters models for handlerMethod |isSwitch| (springfox.documentation.spring.web.readers.operation.OperationModelsProvider.collectParameters:99) [main:10098]
2018-11-05 17:10:23 DEBUG - Reading parameters models for handlerMethod |isSwitch| (springfox.documentation.swagger.readers.operation.SwaggerOperationModelsProvider.collectApiResponses:88) [main:10100]
2018-11-05 17:10:23 DEBUG - Did not find any parameter models for java.lang.String (springfox.documentation.spring.web.scanners.ApiModelReader.read:74) [main:10101]
2018-11-05 17:10:23 DEBUG - Setting spring response class to:string (springfox.documentation.spring.web.readers.operation.OperationResponseClassReader.apply:61) [main:10102]
2018-11-05 17:10:23 DEBUG - Authorization count 0 for method isSwitch (springfox.documentation.swagger.readers.operation.OperationAuthReader.apply:101) [main:10103]
2018-11-05 17:10:23 DEBUG - Setting response class to:string (springfox.documentation.swagger.readers.operation.SwaggerOperationResponseClassReader.apply:74) [main:10103]
2018-11-05 17:10:23  INFO - Generating unique operation named: isSwitchUsingGET_1 (springfox.documentation.spring.web.readers.operation.CachingOperationNameGenerator.startingWith:40) [main:10104]
2018-11-05 17:10:23 DEBUG - Setting spring response class to:string (springfox.documentation.spring.web.readers.operation.OperationResponseClassReader.apply:61) [main:10107]
2018-11-05 17:10:23 DEBUG - Authorization count 0 for method isSwitch (springfox.documentation.swagger.readers.operation.OperationAuthReader.apply:101) [main:10113]
2018-11-05 17:10:23 DEBUG - Setting response class to:string (springfox.documentation.swagger.readers.operation.SwaggerOperationResponseClassReader.apply:74) [main:10115]
2018-11-05 17:10:23  INFO - Generating unique operation named: isSwitchUsingHEAD_1 (springfox.documentation.spring.web.readers.operation.CachingOperationNameGenerator.startingWith:40) [main:10117]
2018-11-05 17:10:23 DEBUG - Setting spring response class to:string (springfox.documentation.spring.web.readers.operation.OperationResponseClassReader.apply:61) [main:10119]
2018-11-05 17:10:23 DEBUG - Authorization count 0 for method isSwitch (springfox.documentation.swagger.readers.operation.OperationAuthReader.apply:101) [main:10120]
2018-11-05 17:10:23 DEBUG - Setting response class to:string (springfox.documentation.swagger.readers.operation.SwaggerOperationResponseClassReader.apply:74) [main:10120]
2018-11-05 17:10:23  INFO - Generating unique operation named: isSwitchUsingPOST_1 (springfox.documentation.spring.web.readers.operation.CachingOperationNameGenerator.startingWith:40) [main:10125]
2018-11-05 17:10:23 DEBUG - Setting spring response class to:string (springfox.documentation.spring.web.readers.operation.OperationResponseClassReader.apply:61) [main:10126]
2018-11-05 17:10:23 DEBUG - Authorization count 0 for method isSwitch (springfox.documentation.swagger.readers.operation.OperationAuthReader.apply:101) [main:10126]
2018-11-05 17:10:23 DEBUG - Setting response class to:string (springfox.documentation.swagger.readers.operation.SwaggerOperationResponseClassReader.apply:74) [main:10127]
2018-11-05 17:10:23  INFO - Generating unique operation named: isSwitchUsingPUT_1 (springfox.documentation.spring.web.readers.operation.CachingOperationNameGenerator.startingWith:40) [main:10133]
2018-11-05 17:10:23 DEBUG - Setting spring response class to:string (springfox.documentation.spring.web.readers.operation.OperationResponseClassReader.apply:61) [main:10133]
2018-11-05 17:10:23 DEBUG - Authorization count 0 for method isSwitch (springfox.documentation.swagger.readers.operation.OperationAuthReader.apply:101) [main:10134]
2018-11-05 17:10:23 DEBUG - Setting response class to:string (springfox.documentation.swagger.readers.operation.SwaggerOperationResponseClassReader.apply:74) [main:10135]
2018-11-05 17:10:23  INFO - Generating unique operation named: isSwitchUsingPATCH_1 (springfox.documentation.spring.web.readers.operation.CachingOperationNameGenerator.startingWith:40) [main:10136]
2018-11-05 17:10:23 DEBUG - Setting spring response class to:string (springfox.documentation.spring.web.readers.operation.OperationResponseClassReader.apply:61) [main:10137]
2018-11-05 17:10:23 DEBUG - Authorization count 0 for method isSwitch (springfox.documentation.swagger.readers.operation.OperationAuthReader.apply:101) [main:10138]
2018-11-05 17:10:23 DEBUG - Setting response class to:string (springfox.documentation.swagger.readers.operation.SwaggerOperationResponseClassReader.apply:74) [main:10138]
2018-11-05 17:10:23  INFO - Generating unique operation named: isSwitchUsingDELETE_1 (springfox.documentation.spring.web.readers.operation.CachingOperationNameGenerator.startingWith:40) [main:10141]
2018-11-05 17:10:23 DEBUG - Setting spring response class to:string (springfox.documentation.spring.web.readers.operation.OperationResponseClassReader.apply:61) [main:10142]
2018-11-05 17:10:23 DEBUG - Authorization count 0 for method isSwitch (springfox.documentation.swagger.readers.operation.OperationAuthReader.apply:101) [main:10143]
2018-11-05 17:10:23 DEBUG - Setting response class to:string (springfox.documentation.swagger.readers.operation.SwaggerOperationResponseClassReader.apply:74) [main:10143]
2018-11-05 17:10:23  INFO - Generating unique operation named: isSwitchUsingOPTIONS_1 (springfox.documentation.spring.web.readers.operation.CachingOperationNameGenerator.startingWith:40) [main:10144]
2018-11-05 17:10:23 DEBUG - Setting spring response class to:string (springfox.documentation.spring.web.readers.operation.OperationResponseClassReader.apply:61) [main:10145]
2018-11-05 17:10:23 DEBUG - Authorization count 0 for method isSwitch (springfox.documentation.swagger.readers.operation.OperationAuthReader.apply:101) [main:10146]
2018-11-05 17:10:23 DEBUG - Setting response class to:string (springfox.documentation.swagger.readers.operation.SwaggerOperationResponseClassReader.apply:74) [main:10147]
2018-11-05 17:10:23  INFO - Generating unique operation named: isSwitchUsingTRACE_1 (springfox.documentation.spring.web.readers.operation.CachingOperationNameGenerator.startingWith:40) [main:10148]
2018-11-05 17:10:23 DEBUG - Adding return parameter of type Ljava/lang/String; (springfox.documentation.spring.web.readers.operation.OperationModelsProvider.collectFromReturnType:77) [main:10149]
2018-11-05 17:10:23 DEBUG - Reading parameters models for handlerMethod |isSwitch| (springfox.documentation.spring.web.readers.operation.OperationModelsProvider.collectParameters:85) [main:10149]
2018-11-05 17:10:23 DEBUG - Finished reading parameters models for handlerMethod |isSwitch| (springfox.documentation.spring.web.readers.operation.OperationModelsProvider.collectParameters:99) [main:10153]
2018-11-05 17:10:23 DEBUG - Reading parameters models for handlerMethod |isSwitch| (springfox.documentation.swagger.readers.operation.SwaggerOperationModelsProvider.collectApiResponses:88) [main:10155]
2018-11-05 17:10:23 DEBUG - Did not find any parameter models for java.lang.String (springfox.documentation.spring.web.scanners.ApiModelReader.read:74) [main:10159]
2018-11-05 17:10:23 DEBUG - Setting spring response class to:string (springfox.documentation.spring.web.readers.operation.OperationResponseClassReader.apply:61) [main:10162]
2018-11-05 17:10:23 DEBUG - Authorization count 0 for method isSwitch (springfox.documentation.swagger.readers.operation.OperationAuthReader.apply:101) [main:10174]
2018-11-05 17:10:23 DEBUG - Setting response class to:string (springfox.documentation.swagger.readers.operation.SwaggerOperationResponseClassReader.apply:74) [main:10175]
2018-11-05 17:10:23  INFO - Generating unique operation named: isSwitchUsingGET_2 (springfox.documentation.spring.web.readers.operation.CachingOperationNameGenerator.startingWith:40) [main:10179]
2018-11-05 17:10:23 DEBUG - Setting spring response class to:string (springfox.documentation.spring.web.readers.operation.OperationResponseClassReader.apply:61) [main:10191]
2018-11-05 17:10:23 DEBUG - Authorization count 0 for method isSwitch (springfox.documentation.swagger.readers.operation.OperationAuthReader.apply:101) [main:10192]
2018-11-05 17:10:23 DEBUG - Setting response class to:string (springfox.documentation.swagger.readers.operation.SwaggerOperationResponseClassReader.apply:74) [main:10193]
2018-11-05 17:10:23  INFO - Generating unique operation named: isSwitchUsingHEAD_2 (springfox.documentation.spring.web.readers.operation.CachingOperationNameGenerator.startingWith:40) [main:10194]
2018-11-05 17:10:23 DEBUG - Setting spring response class to:string (springfox.documentation.spring.web.readers.operation.OperationResponseClassReader.apply:61) [main:10194]
2018-11-05 17:10:23 DEBUG - Authorization count 0 for method isSwitch (springfox.documentation.swagger.readers.operation.OperationAuthReader.apply:101) [main:10195]
2018-11-05 17:10:23 DEBUG - Setting response class to:string (springfox.documentation.swagger.readers.operation.SwaggerOperationResponseClassReader.apply:74) [main:10196]
2018-11-05 17:10:23  INFO - Generating unique operation named: isSwitchUsingPOST_2 (springfox.documentation.spring.web.readers.operation.CachingOperationNameGenerator.startingWith:40) [main:10196]
2018-11-05 17:10:23 DEBUG - Setting spring response class to:string (springfox.documentation.spring.web.readers.operation.OperationResponseClassReader.apply:61) [main:10197]
2018-11-05 17:10:23 DEBUG - Authorization count 0 for method isSwitch (springfox.documentation.swagger.readers.operation.OperationAuthReader.apply:101) [main:10198]
2018-11-05 17:10:23 DEBUG - Setting response class to:string (springfox.documentation.swagger.readers.operation.SwaggerOperationResponseClassReader.apply:74) [main:10199]
2018-11-05 17:10:23  INFO - Generating unique operation named: isSwitchUsingPUT_2 (springfox.documentation.spring.web.readers.operation.CachingOperationNameGenerator.startingWith:40) [main:10200]
2018-11-05 17:10:23 DEBUG - Setting spring response class to:string (springfox.documentation.spring.web.readers.operation.OperationResponseClassReader.apply:61) [main:10200]
2018-11-05 17:10:23 DEBUG - Authorization count 0 for method isSwitch (springfox.documentation.swagger.readers.operation.OperationAuthReader.apply:101) [main:10201]
2018-11-05 17:10:23 DEBUG - Setting response class to:string (springfox.documentation.swagger.readers.operation.SwaggerOperationResponseClassReader.apply:74) [main:10201]
2018-11-05 17:10:23  INFO - Generating unique operation named: isSwitchUsingPATCH_2 (springfox.documentation.spring.web.readers.operation.CachingOperationNameGenerator.startingWith:40) [main:10203]
2018-11-05 17:10:23 DEBUG - Setting spring response class to:string (springfox.documentation.spring.web.readers.operation.OperationResponseClassReader.apply:61) [main:10204]
2018-11-05 17:10:23 DEBUG - Authorization count 0 for method isSwitch (springfox.documentation.swagger.readers.operation.OperationAuthReader.apply:101) [main:10205]
2018-11-05 17:10:23 DEBUG - Setting response class to:string (springfox.documentation.swagger.readers.operation.SwaggerOperationResponseClassReader.apply:74) [main:10205]
2018-11-05 17:10:23  INFO - Generating unique operation named: isSwitchUsingDELETE_2 (springfox.documentation.spring.web.readers.operation.CachingOperationNameGenerator.startingWith:40) [main:10206]
2018-11-05 17:10:23 DEBUG - Setting spring response class to:string (springfox.documentation.spring.web.readers.operation.OperationResponseClassReader.apply:61) [main:10209]
2018-11-05 17:10:23 DEBUG - Authorization count 0 for method isSwitch (springfox.documentation.swagger.readers.operation.OperationAuthReader.apply:101) [main:10210]
2018-11-05 17:10:23 DEBUG - Setting response class to:string (springfox.documentation.swagger.readers.operation.SwaggerOperationResponseClassReader.apply:74) [main:10211]
2018-11-05 17:10:23  INFO - Generating unique operation named: isSwitchUsingOPTIONS_2 (springfox.documentation.spring.web.readers.operation.CachingOperationNameGenerator.startingWith:40) [main:10212]
2018-11-05 17:10:23 DEBUG - Setting spring response class to:string (springfox.documentation.spring.web.readers.operation.OperationResponseClassReader.apply:61) [main:10213]
2018-11-05 17:10:23 DEBUG - Authorization count 0 for method isSwitch (springfox.documentation.swagger.readers.operation.OperationAuthReader.apply:101) [main:10213]
2018-11-05 17:10:23 DEBUG - Setting response class to:string (springfox.documentation.swagger.readers.operation.SwaggerOperationResponseClassReader.apply:74) [main:10214]
2018-11-05 17:10:23  INFO - Generating unique operation named: isSwitchUsingTRACE_2 (springfox.documentation.spring.web.readers.operation.CachingOperationNameGenerator.startingWith:40) [main:10215]
2018-11-05 17:10:23 DEBUG - Adding return parameter of type Ljava/lang/String; (springfox.documentation.spring.web.readers.operation.OperationModelsProvider.collectFromReturnType:77) [main:10217]
2018-11-05 17:10:23 DEBUG - Reading parameters models for handlerMethod |sendMail| (springfox.documentation.spring.web.readers.operation.OperationModelsProvider.collectParameters:85) [main:10217]
2018-11-05 17:10:23 DEBUG - Finished reading parameters models for handlerMethod |sendMail| (springfox.documentation.spring.web.readers.operation.OperationModelsProvider.collectParameters:99) [main:10220]
2018-11-05 17:10:23 DEBUG - Reading parameters models for handlerMethod |sendMail| (springfox.documentation.swagger.readers.operation.SwaggerOperationModelsProvider.collectApiResponses:88) [main:10222]
2018-11-05 17:10:23 DEBUG - Did not find any parameter models for java.lang.String (springfox.documentation.spring.web.scanners.ApiModelReader.read:74) [main:10224]
2018-11-05 17:10:23 DEBUG - Setting spring response class to:string (springfox.documentation.spring.web.readers.operation.OperationResponseClassReader.apply:61) [main:10235]
2018-11-05 17:10:23 DEBUG - Authorization count 0 for method sendMail (springfox.documentation.swagger.readers.operation.OperationAuthReader.apply:101) [main:10236]
2018-11-05 17:10:23 DEBUG - Setting response class to:string (springfox.documentation.swagger.readers.operation.SwaggerOperationResponseClassReader.apply:74) [main:10237]
2018-11-05 17:10:23 DEBUG - Setting spring response class to:string (springfox.documentation.spring.web.readers.operation.OperationResponseClassReader.apply:61) [main:10238]
2018-11-05 17:10:23 DEBUG - Authorization count 0 for method sendMail (springfox.documentation.swagger.readers.operation.OperationAuthReader.apply:101) [main:10243]
2018-11-05 17:10:23 DEBUG - Setting response class to:string (springfox.documentation.swagger.readers.operation.SwaggerOperationResponseClassReader.apply:74) [main:10243]
2018-11-05 17:10:23 DEBUG - Setting spring response class to:string (springfox.documentation.spring.web.readers.operation.OperationResponseClassReader.apply:61) [main:10245]
2018-11-05 17:10:23 DEBUG - Authorization count 0 for method sendMail (springfox.documentation.swagger.readers.operation.OperationAuthReader.apply:101) [main:10246]
2018-11-05 17:10:23 DEBUG - Setting response class to:string (springfox.documentation.swagger.readers.operation.SwaggerOperationResponseClassReader.apply:74) [main:10246]
2018-11-05 17:10:23 DEBUG - Setting spring response class to:string (springfox.documentation.spring.web.readers.operation.OperationResponseClassReader.apply:61) [main:10250]
2018-11-05 17:10:23 DEBUG - Authorization count 0 for method sendMail (springfox.documentation.swagger.readers.operation.OperationAuthReader.apply:101) [main:10251]
2018-11-05 17:10:23 DEBUG - Setting response class to:string (springfox.documentation.swagger.readers.operation.SwaggerOperationResponseClassReader.apply:74) [main:10252]
2018-11-05 17:10:23 DEBUG - Setting spring response class to:string (springfox.documentation.spring.web.readers.operation.OperationResponseClassReader.apply:61) [main:10254]
2018-11-05 17:10:23 DEBUG - Authorization count 0 for method sendMail (springfox.documentation.swagger.readers.operation.OperationAuthReader.apply:101) [main:10255]
2018-11-05 17:10:23 DEBUG - Setting response class to:string (springfox.documentation.swagger.readers.operation.SwaggerOperationResponseClassReader.apply:74) [main:10256]
2018-11-05 17:10:23 DEBUG - Setting spring response class to:string (springfox.documentation.spring.web.readers.operation.OperationResponseClassReader.apply:61) [main:10258]
2018-11-05 17:10:23 DEBUG - Authorization count 0 for method sendMail (springfox.documentation.swagger.readers.operation.OperationAuthReader.apply:101) [main:10259]
2018-11-05 17:10:23 DEBUG - Setting response class to:string (springfox.documentation.swagger.readers.operation.SwaggerOperationResponseClassReader.apply:74) [main:10260]
2018-11-05 17:10:23 DEBUG - Setting spring response class to:string (springfox.documentation.spring.web.readers.operation.OperationResponseClassReader.apply:61) [main:10262]
2018-11-05 17:10:23 DEBUG - Authorization count 0 for method sendMail (springfox.documentation.swagger.readers.operation.OperationAuthReader.apply:101) [main:10266]
2018-11-05 17:10:23 DEBUG - Setting response class to:string (springfox.documentation.swagger.readers.operation.SwaggerOperationResponseClassReader.apply:74) [main:10267]
2018-11-05 17:10:23 DEBUG - Setting spring response class to:string (springfox.documentation.spring.web.readers.operation.OperationResponseClassReader.apply:61) [main:10269]
2018-11-05 17:10:23 DEBUG - Authorization count 0 for method sendMail (springfox.documentation.swagger.readers.operation.OperationAuthReader.apply:101) [main:10271]
2018-11-05 17:10:23 DEBUG - Setting response class to:string (springfox.documentation.swagger.readers.operation.SwaggerOperationResponseClassReader.apply:74) [main:10272]
2018-11-05 17:10:23  INFO - Started Application in 8.671 seconds (JVM running for 10.626) (org.springframework.boot.StartupInfoLogger.logStarted:59) [main:10336]
2018-11-05 17:11:25  INFO - 简单邮件已经发送。 (com.mhm.mail.MailServiceImpl.sendSimpleMail:43) [http-nio-8089-exec-9:72101]
