2018-11-05 17:10:16  INFO - Starting Application on LAPTOP-4NKCBKCL with PID 16836 (D:\07-myTutorial\00-github\blog\springbootdemo6\target\classes started by 28956 in D:\07-myTutorial\00-github\blog\springbootdemo6) (org.springframework.boot.StartupInfoLogger.logStarting:50) [main:2888]
2018-11-05 17:10:16  INFO - The following profiles are active: dev (org.springframework.boot.SpringApplication.logStartupProfileInfo:666) [main:2899]
2018-11-05 17:10:23  INFO - Context refreshed (springfox.documentation.spring.web.plugins.DocumentationPluginsBootstrapper.onApplicationEvent:84) [main:9835]
2018-11-05 17:10:23  INFO - Found 1 custom documentation plugin(s) (springfox.documentation.spring.web.plugins.DocumentationPluginsBootstrapper.onApplicationEvent:87) [main:9883]
2018-11-05 17:10:23  INFO - Scanning for api listing references (springfox.documentation.spring.web.scanners.ApiListingReferenceScanner.scan:44) [main:9900]
2018-11-05 17:10:23  INFO - Generating unique operation named: isSwitchUsingGET_1 (springfox.documentation.spring.web.readers.operation.CachingOperationNameGenerator.startingWith:40) [main:10104]
2018-11-05 17:10:23  INFO - Generating unique operation named: isSwitchUsingHEAD_1 (springfox.documentation.spring.web.readers.operation.CachingOperationNameGenerator.startingWith:40) [main:10117]
2018-11-05 17:10:23  INFO - Generating unique operation named: isSwitchUsingPOST_1 (springfox.documentation.spring.web.readers.operation.CachingOperationNameGenerator.startingWith:40) [main:10125]
2018-11-05 17:10:23  INFO - Generating unique operation named: isSwitchUsingPUT_1 (springfox.documentation.spring.web.readers.operation.CachingOperationNameGenerator.startingWith:40) [main:10133]
2018-11-05 17:10:23  INFO - Generating unique operation named: isSwitchUsingPATCH_1 (springfox.documentation.spring.web.readers.operation.CachingOperationNameGenerator.startingWith:40) [main:10136]
2018-11-05 17:10:23  INFO - Generating unique operation named: isSwitchUsingDELETE_1 (springfox.documentation.spring.web.readers.operation.CachingOperationNameGenerator.startingWith:40) [main:10141]
2018-11-05 17:10:23  INFO - Generating unique operation named: isSwitchUsingOPTIONS_1 (springfox.documentation.spring.web.readers.operation.CachingOperationNameGenerator.startingWith:40) [main:10144]
2018-11-05 17:10:23  INFO - Generating unique operation named: isSwitchUsingTRACE_1 (springfox.documentation.spring.web.readers.operation.CachingOperationNameGenerator.startingWith:40) [main:10148]
2018-11-05 17:10:23  INFO - Generating unique operation named: isSwitchUsingGET_2 (springfox.documentation.spring.web.readers.operation.CachingOperationNameGenerator.startingWith:40) [main:10179]
2018-11-05 17:10:23  INFO - Generating unique operation named: isSwitchUsingHEAD_2 (springfox.documentation.spring.web.readers.operation.CachingOperationNameGenerator.startingWith:40) [main:10194]
2018-11-05 17:10:23  INFO - Generating unique operation named: isSwitchUsingPOST_2 (springfox.documentation.spring.web.readers.operation.CachingOperationNameGenerator.startingWith:40) [main:10196]
2018-11-05 17:10:23  INFO - Generating unique operation named: isSwitchUsingPUT_2 (springfox.documentation.spring.web.readers.operation.CachingOperationNameGenerator.startingWith:40) [main:10200]
2018-11-05 17:10:23  INFO - Generating unique operation named: isSwitchUsingPATCH_2 (springfox.documentation.spring.web.readers.operation.CachingOperationNameGenerator.startingWith:40) [main:10203]
2018-11-05 17:10:23  INFO - Generating unique operation named: isSwitchUsingDELETE_2 (springfox.documentation.spring.web.readers.operation.CachingOperationNameGenerator.startingWith:40) [main:10206]
2018-11-05 17:10:23  INFO - Generating unique operation named: isSwitchUsingOPTIONS_2 (springfox.documentation.spring.web.readers.operation.CachingOperationNameGenerator.startingWith:40) [main:10212]
2018-11-05 17:10:23  INFO - Generating unique operation named: isSwitchUsingTRACE_2 (springfox.documentation.spring.web.readers.operation.CachingOperationNameGenerator.startingWith:40) [main:10215]
2018-11-05 17:10:23  INFO - Started Application in 8.671 seconds (JVM running for 10.626) (org.springframework.boot.StartupInfoLogger.logStarted:59) [main:10336]
2018-11-05 17:11:25  INFO - 简单邮件已经发送。 (com.mhm.mail.MailServiceImpl.sendSimpleMail:43) [http-nio-8089-exec-9:72101]
